<?xml version="1.0" encoding="UTF-8"?>
<!-- Generated by org.testng.reporters.JUnitReportReporter -->
<testsuite hostname="User-PC" name="com.testngcheck.Checking" tests="1" failures="0" timestamp="4 Jan 2018 09:46:06 GMT" time="7.320" errors="0">
  <testcase name="f" time="7.320" classname="com.testngcheck.Checking"/>
</testsuite> <!-- com.testngcheck.Checking -->
